This is pdfTeX, Version 3.14159265-2.6-1.40.20 (TeX Live 2019) (preloaded format=pdflatex 2019.7.25)  25 FEB 2021 12:24
entering extended mode
 restricted \write18 enabled.
 file:line:error style messages enabled.
 %&-line parsing enabled.
**main.tex
(./main.tex
LaTeX2e <2018-12-01>
(/usr/local/texlive/2019/texmf-dist/tex/latex/base/article.cls
Document Class: article 2018/09/03 v1.4i Standard LaTeX document class
(/usr/local/texlive/2019/texmf-dist/tex/latex/base/size11.clo
File: size11.clo 2018/09/03 v1.4i Standard LaTeX file (size option)
)
\c@part=\count80
\c@section=\count81
\c@subsection=\count82
\c@subsubsection=\count83
\c@paragraph=\count84
\c@subparagraph=\count85
\c@figure=\count86
\c@table=\count87
\abovecaptionskip=\skip41
\belowcaptionskip=\skip42
\bibindent=\dimen102
)
(/usr/local/texlive/2019/texmf-dist/tex/latex/amsmath/amsmath.sty
Package: amsmath 2018/12/01 v2.17b AMS math features
\@mathmargin=\skip43

For additional information on amsmath, use the `?' option.
(/usr/local/texlive/2019/texmf-dist/tex/latex/amsmath/amstext.sty
Package: amstext 2000/06/29 v2.01 AMS text

(/usr/local/texlive/2019/texmf-dist/tex/latex/amsmath/amsgen.sty
File: amsgen.sty 1999/11/30 v2.0 generic functions
\@emptytoks=\toks14
\ex@=\dimen103
))
(/usr/local/texlive/2019/texmf-dist/tex/latex/amsmath/amsbsy.sty
Package: amsbsy 1999/11/29 v1.2d Bold Symbols
\pmbraise@=\dimen104
)
(/usr/local/texlive/2019/texmf-dist/tex/latex/amsmath/amsopn.sty
Package: amsopn 2016/03/08 v2.02 operator names
)
\inf@bad=\count88
LaTeX Info: Redefining \frac on input line 223.
\uproot@=\count89
\leftroot@=\count90
LaTeX Info: Redefining \overline on input line 385.
\classnum@=\count91
\DOTSCASE@=\count92
LaTeX Info: Redefining \ldots on input line 482.
LaTeX Info: Redefining \dots on input line 485.
LaTeX Info: Redefining \cdots on input line 606.
\Mathstrutbox@=\box27
\strutbox@=\box28
\big@size=\dimen105
LaTeX Font Info:    Redeclaring font encoding OML on input line 729.
LaTeX Font Info:    Redeclaring font encoding OMS on input line 730.
\macc@depth=\count93
\c@MaxMatrixCols=\count94
\dotsspace@=\muskip10
\c@parentequation=\count95
\dspbrk@lvl=\count96
\tag@help=\toks15
\row@=\count97
\column@=\count98
\maxfields@=\count99
\andhelp@=\toks16
\eqnshift@=\dimen106
\alignsep@=\dimen107
\tagshift@=\dimen108
\tagwidth@=\dimen109
\totwidth@=\dimen110
\lineht@=\dimen111
\@envbody=\toks17
\multlinegap=\skip44
\multlinetaggap=\skip45
\mathdisplay@stack=\toks18
LaTeX Info: Redefining \[ on input line 2844.
LaTeX Info: Redefining \] on input line 2845.
)
(/usr/local/texlive/2019/texmf-dist/tex/latex/geometry/geometry.sty
Package: geometry 2018/04/16 v5.8 Page Geometry

(/usr/local/texlive/2019/texmf-dist/tex/latex/graphics/keyval.sty
Package: keyval 2014/10/28 v1.15 key=value parser (DPC)
\KV@toks@=\toks19
)
(/usr/local/texlive/2019/texmf-dist/tex/generic/oberdiek/ifpdf.sty
Package: ifpdf 2018/09/07 v3.3 Provides the ifpdf switch
)
(/usr/local/texlive/2019/texmf-dist/tex/generic/oberdiek/ifvtex.sty
Package: ifvtex 2016/05/16 v1.6 Detect VTeX and its facilities (HO)
Package ifvtex Info: VTeX not detected.
)
(/usr/local/texlive/2019/texmf-dist/tex/generic/ifxetex/ifxetex.sty
Package: ifxetex 2010/09/12 v0.6 Provides ifxetex conditional
)
\Gm@cnth=\count100
\Gm@cntv=\count101
\c@Gm@tempcnt=\count102
\Gm@bindingoffset=\dimen112
\Gm@wd@mp=\dimen113
\Gm@odd@mp=\dimen114
\Gm@even@mp=\dimen115
\Gm@layoutwidth=\dimen116
\Gm@layoutheight=\dimen117
\Gm@layouthoffset=\dimen118
\Gm@layoutvoffset=\dimen119
\Gm@dimlist=\toks20
)
(/usr/local/texlive/2019/texmf-dist/tex/latex/graphics/graphicx.sty
Package: graphicx 2017/06/01 v1.1a Enhanced LaTeX Graphics (DPC,SPQR)

(/usr/local/texlive/2019/texmf-dist/tex/latex/graphics/graphics.sty
Package: graphics 2017/06/25 v1.2c Standard LaTeX Graphics (DPC,SPQR)

(/usr/local/texlive/2019/texmf-dist/tex/latex/graphics/trig.sty
Package: trig 2016/01/03 v1.10 sin cos tan (DPC)
)
(/usr/local/texlive/2019/texmf-dist/tex/latex/graphics-cfg/graphics.cfg
File: graphics.cfg 2016/06/04 v1.11 sample graphics configuration
)
Package graphics Info: Driver file: pdftex.def on input line 99.

(/usr/local/texlive/2019/texmf-dist/tex/latex/graphics-def/pdftex.def
File: pdftex.def 2018/01/08 v1.0l Graphics/color driver for pdftex
))
\Gin@req@height=\dimen120
\Gin@req@width=\dimen121
)
(/usr/local/texlive/2019/texmf-dist/tex/latex/graphics/color.sty
Package: color 2016/07/10 v1.1e Standard LaTeX Color (DPC)

(/usr/local/texlive/2019/texmf-dist/tex/latex/graphics-cfg/color.cfg
File: color.cfg 2016/01/02 v1.6 sample color configuration
)
Package color Info: Driver file: pdftex.def on input line 147.
)
(/usr/local/texlive/2019/texmf-dist/tex/latex/was/gensymb.sty
Package: gensymb 2003/07/02 v1.0 (WaS)
)
(/usr/local/texlive/2019/texmf-dist/tex/latex/setspace/setspace.sty
Package: setspace 2011/12/19 v6.7a set line spacing
)
(/usr/local/texlive/2019/texmf-dist/tex/latex/comment/comment.sty
\CommentStream=\write3

Excluding comment 'comment')
(/usr/local/texlive/2019/texmf-dist/tex/latex/mhchem/mhchem.sty
Package: mhchem 2018/06/22 v4.08 for typesetting chemical formulae

(/usr/local/texlive/2019/texmf-dist/tex/latex/l3kernel/expl3.sty
Package: expl3 2019-05-07 L3 programming layer (loader) 

(/usr/local/texlive/2019/texmf-dist/tex/latex/l3kernel/expl3-code.tex
Package: expl3 2019-05-07 L3 programming layer (code)
\c_max_int=\count103
\l_tmpa_int=\count104
\l_tmpb_int=\count105
\g_tmpa_int=\count106
\g_tmpb_int=\count107
\g__kernel_prg_map_int=\count108
\c__ior_term_ior=\count109
\c_log_iow=\count110
\l_iow_line_count_int=\count111
\l__iow_line_target_int=\count112
\l__iow_one_indent_int=\count113
\l__iow_indent_int=\count114
\c_zero_dim=\dimen122
\c_max_dim=\dimen123
\l_tmpa_dim=\dimen124
\l_tmpb_dim=\dimen125
\g_tmpa_dim=\dimen126
\g_tmpb_dim=\dimen127
\c_zero_skip=\skip46
\c_max_skip=\skip47
\l_tmpa_skip=\skip48
\l_tmpb_skip=\skip49
\g_tmpa_skip=\skip50
\g_tmpb_skip=\skip51
\c_zero_muskip=\muskip11
\c_max_muskip=\muskip12
\l_tmpa_muskip=\muskip13
\l_tmpb_muskip=\muskip14
\g_tmpa_muskip=\muskip15
\g_tmpb_muskip=\muskip16
\l_keys_choice_int=\count115
\l__intarray_loop_int=\count116
\c__intarray_sp_dim=\dimen128
\g__intarray_font_int=\count117
\c__fp_leading_shift_int=\count118
\c__fp_middle_shift_int=\count119
\c__fp_trailing_shift_int=\count120
\c__fp_big_leading_shift_int=\count121
\c__fp_big_middle_shift_int=\count122
\c__fp_big_trailing_shift_int=\count123
\c__fp_Bigg_leading_shift_int=\count124
\c__fp_Bigg_middle_shift_int=\count125
\c__fp_Bigg_trailing_shift_int=\count126
\c__kernel_randint_max_int=\count127
\g__fp_array_int=\count128
\l__fp_array_loop_int=\count129
\l__sort_length_int=\count130
\l__sort_min_int=\count131
\l__sort_top_int=\count132
\l__sort_max_int=\count133
\l__sort_true_max_int=\count134
\l__sort_block_int=\count135
\l__sort_begin_int=\count136
\l__sort_end_int=\count137
\l__sort_A_int=\count138
\l__sort_B_int=\count139
\l__sort_C_int=\count140
\l__tl_analysis_normal_int=\count141
\l__tl_analysis_index_int=\count142
\l__tl_analysis_nesting_int=\count143
\l__tl_analysis_type_int=\count144
\l__regex_internal_a_int=\count145
\l__regex_internal_b_int=\count146
\l__regex_internal_c_int=\count147
\l__regex_balance_int=\count148
\l__regex_group_level_int=\count149
\l__regex_mode_int=\count150
\c__regex_cs_in_class_mode_int=\count151
\c__regex_cs_mode_int=\count152
\l__regex_catcodes_int=\count153
\l__regex_default_catcodes_int=\count154
\c__regex_catcode_D_int=\count155
\c__regex_catcode_S_int=\count156
\c__regex_catcode_L_int=\count157
\c__regex_catcode_O_int=\count158
\c__regex_catcode_A_int=\count159
\c__regex_all_catcodes_int=\count160
\l__regex_show_lines_int=\count161
\l__regex_min_state_int=\count162
\l__regex_max_state_int=\count163
\l__regex_left_state_int=\count164
\l__regex_right_state_int=\count165
\l__regex_capturing_group_int=\count166
\l__regex_min_pos_int=\count167
\l__regex_max_pos_int=\count168
\l__regex_curr_pos_int=\count169
\l__regex_start_pos_int=\count170
\l__regex_success_pos_int=\count171
\l__regex_curr_char_int=\count172
\l__regex_curr_catcode_int=\count173
\l__regex_last_char_int=\count174
\l__regex_case_changed_char_int=\count175
\l__regex_curr_state_int=\count176
\l__regex_step_int=\count177
\l__regex_min_active_int=\count178
\l__regex_max_active_int=\count179
\l__regex_replacement_csnames_int=\count180
\l__regex_match_count_int=\count181
\l__regex_min_submatch_int=\count182
\l__regex_submatch_int=\count183
\l__regex_zeroth_submatch_int=\count184
\g__regex_trace_regex_int=\count185
\c_empty_box=\box29
\l_tmpa_box=\box30
\l_tmpb_box=\box31
\g_tmpa_box=\box32
\g_tmpb_box=\box33
\l__box_top_dim=\dimen129
\l__box_bottom_dim=\dimen130
\l__box_left_dim=\dimen131
\l__box_right_dim=\dimen132
\l__box_top_new_dim=\dimen133
\l__box_bottom_new_dim=\dimen134
\l__box_left_new_dim=\dimen135
\l__box_right_new_dim=\dimen136
\l__box_internal_box=\box34
\l__coffin_internal_box=\box35
\l__coffin_internal_dim=\dimen137
\l__coffin_offset_x_dim=\dimen138
\l__coffin_offset_y_dim=\dimen139
\l__coffin_x_dim=\dimen140
\l__coffin_y_dim=\dimen141
\l__coffin_x_prime_dim=\dimen142
\l__coffin_y_prime_dim=\dimen143
\c_empty_coffin=\box36
\l__coffin_aligned_coffin=\box37
\l__coffin_aligned_internal_coffin=\box38
\l_tmpa_coffin=\box39
\l_tmpb_coffin=\box40
\g_tmpa_coffin=\box41
\g_tmpb_coffin=\box42
\l__coffin_bounding_shift_dim=\dimen144
\l__coffin_left_corner_dim=\dimen145
\l__coffin_right_corner_dim=\dimen146
\l__coffin_bottom_corner_dim=\dimen147
\l__coffin_top_corner_dim=\dimen148
\l__coffin_scaled_total_height_dim=\dimen149
\l__coffin_scaled_width_dim=\dimen150
\c__coffin_empty_coffin=\box43
\l__coffin_display_coffin=\box44
\l__coffin_display_coord_coffin=\box45
\l__coffin_display_pole_coffin=\box46
\l__coffin_display_offset_dim=\dimen151
\l__coffin_display_x_dim=\dimen152
\l__coffin_display_y_dim=\dimen153
\g__file_internal_ior=\read1
\l__seq_internal_a_int=\count186
\l__seq_internal_b_int=\count187
\c__deprecation_minus_one=\count188
)
(/usr/local/texlive/2019/texmf-dist/tex/latex/l3kernel/l3pdfmode.def
File: l3pdfmode.def 2019-04-06 v L3 Experimental driver: PDF mode
\l__driver_color_stack_int=\count189
\l__driver_pdf_tmp_box=\box47
))
(/usr/local/texlive/2019/texmf-dist/tex/latex/l3packages/l3keys2e/l3keys2e.sty
Package: l3keys2e 2019-05-03 LaTeX2e option processing using LaTeX3 keys
) (/usr/local/texlive/2019/texmf-dist/tex/latex/tools/calc.sty
Package: calc 2017/05/25 v4.3 Infix arithmetic (KKT,FJ)
\calc@Acount=\count190
\calc@Bcount=\count191
\calc@Adimen=\dimen154
\calc@Bdimen=\dimen155
\calc@Askip=\skip52
\calc@Bskip=\skip53
LaTeX Info: Redefining \setlength on input line 80.
LaTeX Info: Redefining \addtolength on input line 81.
\calc@Ccount=\count192
\calc@Cskip=\skip54
)
(/usr/local/texlive/2019/texmf-dist/tex/latex/chemgreek/chemgreek.sty
(/usr/local/texlive/2019/texmf-dist/tex/latex/l3packages/xparse/xparse.sty
Package: xparse 2019-05-03 L3 Experimental document command parser
\l__xparse_current_arg_int=\count193
\g__xparse_grabber_int=\count194
\l__xparse_m_args_int=\count195
\l__xparse_v_nesting_int=\count196
)
Package: chemgreek 2016/12/20 v1.1 interfaceforuprightgreeklettersforuseinchemi
stry (CN)
\l__chemgreek_tmpa_int=\count197
\g__chemgreek_tmpa_int=\count198
)
\l__mhchem_ce_distanceFromLastComma_int=\count199
\__mhchem_arrow_extPgfLength_skip=\skip55
\mhchem@minispace@tmp=\skip56
\mhchem@minibackspace@tmp=\skip57
\mhchem@bondwidth=\skip58
\mhchem@bondheight=\skip59
\mhchem@smallbondwidth@tmpA=\skip60
\mhchem@smallbondwidth@tmpB=\skip61
\mhchem@smallbondwidth=\skip62
\mhchem@bondtmp@minussidebearingleft=\skip63
\mhchem@bondtmp@minussidebearingright=\skip64
\l__mhchem_option_version_int=\count266
\mhchem@option@minusmathsidebearingleft=\dimen156
\mhchem@option@minusmathsidebearingright=\dimen157
\mhchem@option@minustextsidebearingleft=\dimen158
\mhchem@option@minustextsidebearingright=\dimen159
)
(/usr/local/texlive/2019/texmf-dist/tex/latex/multirow/multirow.sty
Package: multirow 2019/01/01 v2.4 Span multiple rows of a table
\multirow@colwidth=\skip65
\multirow@cntb=\count267
\multirow@dima=\skip66
\bigstrutjot=\dimen160
)
(/usr/local/texlive/2019/texmf-dist/tex/latex/amsfonts/amsfonts.sty
Package: amsfonts 2013/01/14 v3.01 Basic AMSFonts support
\symAMSa=\mathgroup4
\symAMSb=\mathgroup5
LaTeX Font Info:    Overwriting math alphabet `\mathfrak' in version `bold'
(Font)                  U/euf/m/n --> U/euf/b/n on input line 106.
)
(/usr/local/texlive/2019/texmf-dist/tex/latex/cite/cite.sty
LaTeX Info: Redefining \cite on input line 302.
LaTeX Info: Redefining \nocite on input line 332.
Package: cite 2015/02/27  v 5.5
)
(/usr/local/texlive/2019/texmf-dist/tex/latex/listings/listings.sty
\lst@mode=\count268
\lst@gtempboxa=\box48
\lst@token=\toks21
\lst@length=\count269
\lst@currlwidth=\dimen161
\lst@column=\count270
\lst@pos=\count271
\lst@lostspace=\dimen162
\lst@width=\dimen163
\lst@newlines=\count272
\lst@lineno=\count273
\lst@maxwidth=\dimen164

(/usr/local/texlive/2019/texmf-dist/tex/latex/listings/lstmisc.sty
File: lstmisc.sty 2019/02/27 1.8b (Carsten Heinz)
\c@lstnumber=\count274
\lst@skipnumbers=\count275
\lst@framebox=\box49
)
(/usr/local/texlive/2019/texmf-dist/tex/latex/listings/listings.cfg
File: listings.cfg 2019/02/27 1.8b listings configuration
))
Package: listings 2019/02/27 1.8b (Carsten Heinz)

(/usr/local/texlive/2019/texmf-dist/tex/latex/xcolor/xcolor.sty
Package: xcolor 2016/05/11 v2.12 LaTeX color extensions (UK)

(/usr/local/texlive/2019/texmf-dist/tex/latex/graphics-cfg/color.cfg
File: color.cfg 2016/01/02 v1.6 sample color configuration
)
Package xcolor Info: Driver file: pdftex.def on input line 225.
LaTeX Info: Redefining \color on input line 709.
Package xcolor Info: Model `cmy' substituted by `cmy0' on input line 1348.
Package xcolor Info: Model `hsb' substituted by `rgb' on input line 1352.
Package xcolor Info: Model `RGB' extended on input line 1364.
Package xcolor Info: Model `HTML' substituted by `rgb' on input line 1366.
Package xcolor Info: Model `Hsb' substituted by `hsb' on input line 1367.
Package xcolor Info: Model `tHsb' substituted by `hsb' on input line 1368.
Package xcolor Info: Model `HSB' substituted by `hsb' on input line 1369.
Package xcolor Info: Model `Gray' substituted by `gray' on input line 1370.
Package xcolor Info: Model `wave' substituted by `hsb' on input line 1371.
)
(/Users/ben/Desktop/ATLAS/Lab Book/out/main.aux
(/Users/ben/Desktop/ATLAS/Lab Book/out/09-02-2021.aux)
(/Users/ben/Desktop/ATLAS/Lab Book/out/11-02-2021.aux)
(/Users/ben/Desktop/ATLAS/Lab Book/out/16-02-2021.aux)
(/Users/ben/Desktop/ATLAS/Lab Book/out/18-02-2021.aux)
(/Users/ben/Desktop/ATLAS/Lab Book/out/23-02-2021.aux

LaTeX Warning: Label `fig:All-stack-fast_delta-phi_minimal-cuts_0-6_23-02-21_15
-30' multiply defined.

))
\openout1 = `main.aux'.

LaTeX Font Info:    Checking defaults for OML/cmm/m/it on input line 48.
LaTeX Font Info:    ... okay on input line 48.
LaTeX Font Info:    Checking defaults for T1/cmr/m/n on input line 48.
LaTeX Font Info:    ... okay on input line 48.
LaTeX Font Info:    Checking defaults for OT1/cmr/m/n on input line 48.
LaTeX Font Info:    ... okay on input line 48.
LaTeX Font Info:    Checking defaults for OMS/cmsy/m/n on input line 48.
LaTeX Font Info:    ... okay on input line 48.
LaTeX Font Info:    Checking defaults for OMX/cmex/m/n on input line 48.
LaTeX Font Info:    ... okay on input line 48.
LaTeX Font Info:    Checking defaults for U/cmr/m/n on input line 48.
LaTeX Font Info:    ... okay on input line 48.

*geometry* driver: auto-detecting
*geometry* detected driver: pdftex
*geometry* verbose mode - [ preamble ] result:
* driver: pdftex
* paper: <default>
* layout: <same size as paper>
* layoutoffset:(h,v)=(0.0pt,0.0pt)
* modes: 
* h-part:(L,W,R)=(56.9055pt, 500.484pt, 56.9055pt)
* v-part:(T,H,B)=(72.2698pt, 665.79468pt, 56.9055pt)
* \paperwidth=614.295pt
* \paperheight=794.96999pt
* \textwidth=500.484pt
* \textheight=665.79468pt
* \oddsidemargin=-15.36449pt
* \evensidemargin=-15.36449pt
* \topmargin=-37.00018pt
* \headheight=12.0pt
* \headsep=25.0pt
* \topskip=11.0pt
* \footskip=30.0pt
* \marginparwidth=59.0pt
* \marginparsep=10.0pt
* \columnsep=10.0pt
* \skip\footins=10.0pt plus 4.0pt minus 2.0pt
* \hoffset=0.0pt
* \voffset=0.0pt
* \mag=1000
* \@twocolumnfalse
* \@twosidefalse
* \@mparswitchfalse
* \@reversemarginfalse
* (1in=72.27pt=25.4mm, 1cm=28.453pt)

(/usr/local/texlive/2019/texmf-dist/tex/context/base/mkii/supp-pdf.mkii
[Loading MPS to PDF converter (version 2006.09.02).]
\scratchcounter=\count276
\scratchdimen=\dimen165
\scratchbox=\box50
\nofMPsegments=\count277
\nofMParguments=\count278
\everyMPshowfont=\toks22
\MPscratchCnt=\count279
\MPscratchDim=\dimen166
\MPnumerator=\count280
\makeMPintoPDFobject=\count281
\everyMPtoPDFconversion=\toks23
) (/usr/local/texlive/2019/texmf-dist/tex/latex/oberdiek/epstopdf-base.sty
Package: epstopdf-base 2016/05/15 v2.6 Base part for package epstopdf

(/usr/local/texlive/2019/texmf-dist/tex/generic/oberdiek/infwarerr.sty
Package: infwarerr 2016/05/16 v1.4 Providing info/warning/error messages (HO)
)
(/usr/local/texlive/2019/texmf-dist/tex/latex/oberdiek/grfext.sty
Package: grfext 2016/05/16 v1.2 Manage graphics extensions (HO)

(/usr/local/texlive/2019/texmf-dist/tex/generic/oberdiek/kvdefinekeys.sty
Package: kvdefinekeys 2016/05/16 v1.4 Define keys (HO)

(/usr/local/texlive/2019/texmf-dist/tex/generic/oberdiek/ltxcmds.sty
Package: ltxcmds 2016/05/16 v1.23 LaTeX kernel commands for general use (HO)
)))
(/usr/local/texlive/2019/texmf-dist/tex/latex/oberdiek/kvoptions.sty
Package: kvoptions 2016/05/16 v3.12 Key value format for package options (HO)

(/usr/local/texlive/2019/texmf-dist/tex/generic/oberdiek/kvsetkeys.sty
Package: kvsetkeys 2016/05/16 v1.17 Key value parser (HO)

(/usr/local/texlive/2019/texmf-dist/tex/generic/oberdiek/etexcmds.sty
Package: etexcmds 2016/05/16 v1.6 Avoid name clashes with e-TeX commands (HO)

(/usr/local/texlive/2019/texmf-dist/tex/generic/oberdiek/ifluatex.sty
Package: ifluatex 2016/05/16 v1.4 Provides the ifluatex switch (HO)
Package ifluatex Info: LuaTeX not detected.
))))
(/usr/local/texlive/2019/texmf-dist/tex/generic/oberdiek/pdftexcmds.sty
Package: pdftexcmds 2018/09/10 v0.29 Utility functions of pdfTeX for LuaTeX (HO
)
Package pdftexcmds Info: LuaTeX not detected.
Package pdftexcmds Info: \pdf@primitive is available.
Package pdftexcmds Info: \pdf@ifprimitive is available.
Package pdftexcmds Info: \pdfdraftmode found.
)
Package epstopdf-base Info: Redefining graphics rule for `.eps' on input line 4
38.
Package grfext Info: Graphics extension search list:
(grfext)             [.pdf,.png,.jpg,.mps,.jpeg,.jbig2,.jb2,.PDF,.PNG,.JPG,.JPE
G,.JBIG2,.JB2,.eps]
(grfext)             \AppendGraphicsExtensions on input line 456.

(/usr/local/texlive/2019/texmf-dist/tex/latex/latexconfig/epstopdf-sys.cfg
File: epstopdf-sys.cfg 2010/07/13 v1.3 Configuration of (r)epstopdf for TeX Liv
e
))
LaTeX Info: Redefining \celsius on input line 48.
Package gensymb Info: Faking symbols for \degree and \celsius on input line 48.



Package gensymb Warning: Not defining \perthousand.

LaTeX Info: Redefining \ohm on input line 48.
Package gensymb Info: Using \Omega for \ohm on input line 48.

Package gensymb Warning: Not defining \micro.


Package chemgreek Info: Activating mapping `default' on line 48.

\c@lstlisting=\count282

./main.tex:50: LaTeX Error: No \title given.

See the LaTeX manual or LaTeX Companion for explanation.
Type  H <return>  for immediate help.
 ...                                              
                                                  
l.50     \maketitle
                   
Try typing  <return>  to proceed.
If that doesn't work, type  X <return>  to quit.

LaTeX Font Info:    Try loading font information for U+msa on input line 50.
(/usr/local/texlive/2019/texmf-dist/tex/latex/amsfonts/umsa.fd
File: umsa.fd 2013/01/14 v3.01 AMS symbols A
)
LaTeX Font Info:    Try loading font information for U+msb on input line 50.

(/usr/local/texlive/2019/texmf-dist/tex/latex/amsfonts/umsb.fd
File: umsb.fd 2013/01/14 v3.01 AMS symbols B
)

LaTeX Warning: No \author given.


Underfull \hbox (badness 10000) in paragraph at lines 52--56

 []

LaTeX Font Info:    Try loading font information for OMS+cmr on input line 57.
(/usr/local/texlive/2019/texmf-dist/tex/latex/base/omscmr.fd
File: omscmr.fd 2014/09/29 v2.5h Standard LaTeX font definitions
)
LaTeX Font Info:    Font shape `OMS/cmr/m/n' in size <10.95> not available
(Font)              Font shape `OMS/cmsy/m/n' tried instead on input line 57.
 [1

{/usr/local/texlive/2019/texmf-var/fonts/map/pdftex/updmap/pdftex.map}]
\openout2 = `09-02-2021.aux'.

 (./09-02-2021.tex
Underfull \hbox (badness 10000) in paragraph at lines 28--31

 []

[2

]) [3]
\openout2 = `11-02-2021.aux'.

 (./11-02-2021.tex
Underfull \hbox (badness 10000) in paragraph at lines 10--12

 []


LaTeX Warning: Reference `' on page 4 undefined on input line 20.


LaTeX Warning: Reference `fig:zll-fast_inv-mass_50-150GeV_11-02-21_11:12' on pa
ge 4 undefined on input line 30.

./11-02-2021.tex:33: Missing $ inserted.
<inserted text> 
                $
l.33 Mean: (9.018 \pm
                      0.766)e+4 MeV \\
I've inserted a begin-math/end-math symbol since I think
you left one out. Proceed, with fingers crossed.

./11-02-2021.tex:35: Missing $ inserted.
<inserted text> 
                $
l.35 
     
I've inserted a begin-math/end-math symbol since I think
you left one out. Proceed, with fingers crossed.


Underfull \hbox (badness 10000) in paragraph at lines 30--35

 []

<plots/11-02-2021/Zll-fast_inv-mass_50-150GeV_11-02-21_11_12.png, id=24, 523.95
75pt x 355.3275pt>
File: plots/11-02-2021/Zll-fast_inv-mass_50-150GeV_11-02-21_11_12.png Graphic f
ile (type png)
<use plots/11-02-2021/Zll-fast_inv-mass_50-150GeV_11-02-21_11_12.png>
Package pdftex.def Info: plots/11-02-2021/Zll-fast_inv-mass_50-150GeV_11-02-21_
11_12.png  used on input line 38.
(pdftex.def)             Requested size: 425.41444pt x 288.50768pt.

./11-02-2021.tex:40: Package inputenc Error: Unicode character ± (U+00B1)
(inputenc)                not set up for use with LaTeX.

See the inputenc package documentation for explanation.
Type  H <return>  for immediate help.
 ...                                              
                                                  
l.40     }
          \label{fig:zll_inv-mass_50-150GeV_11-02-21_11:12}
You may provide a definition with
\DeclareUnicodeCharacter 


./11-02-2021.tex:40: Package inputenc Error: Unicode character ± (U+00B1)
(inputenc)                not set up for use with LaTeX.

See the inputenc package documentation for explanation.
Type  H <return>  for immediate help.
 ...                                              
                                                  
l.40     }
          \label{fig:zll_inv-mass_50-150GeV_11-02-21_11:12}
You may provide a definition with
\DeclareUnicodeCharacter 


./11-02-2021.tex:40: Package inputenc Error: Unicode character ± (U+00B1)
(inputenc)                not set up for use with LaTeX.

See the inputenc package documentation for explanation.
Type  H <return>  for immediate help.
 ...                                              
                                                  
l.40     }
          \label{fig:zll_inv-mass_50-150GeV_11-02-21_11:12}
You may provide a definition with
\DeclareUnicodeCharacter 


./11-02-2021.tex:40: Package inputenc Error: Unicode character ± (U+00B1)
(inputenc)                not set up for use with LaTeX.

See the inputenc package documentation for explanation.
Type  H <return>  for immediate help.
 ...                                              
                                                  
l.40     }
          \label{fig:zll_inv-mass_50-150GeV_11-02-21_11:12}
You may provide a definition with
\DeclareUnicodeCharacter 

[4


 <./plots/11-02-2021/Zll-fast_inv-mass_50-150GeV_11-02-21_11_12.png>]
Underfull \hbox (badness 10000) in paragraph at lines 55--56

 []


LaTeX Warning: Reference `fig:ptcone30_Zee_0-4GeV' on page 5 undefined on input
 line 62.

<plots/11-02-2021/2lep-fast_ee-pair_inv-mass_0-140GeV_11-02-21_16-12.png, id=28
, 698.61pt x 473.77pt>
File: plots/11-02-2021/2lep-fast_ee-pair_inv-mass_0-140GeV_11-02-21_16-12.png G
raphic file (type png)
<use plots/11-02-2021/2lep-fast_ee-pair_inv-mass_0-140GeV_11-02-21_16-12.png>
Package pdftex.def Info: plots/11-02-2021/2lep-fast_ee-pair_inv-mass_0-140GeV_1
1-02-21_16-12.png  used on input line 90.
(pdftex.def)             Requested size: 425.41444pt x 288.50047pt.

LaTeX Warning: `!h' float specifier changed to `!ht'.

) [5] [6 <./plots/11-02-2021/2lep-fast_ee-pair_inv-mass_0-140GeV_11-02-21_16-12
.png>]
\openout2 = `16-02-2021.aux'.

 (./16-02-2021.tex

LaTeX Warning: Reference `fig:Zee-fast_ETcone20(0)_0-15GeV_16-02-21_09-34' on p
age 7 undefined on input line 20.


LaTeX Warning: Reference `fig:Zee-fast_ETcone20(1)_0-15GeV_16-02-21_09-41' on p
age 7 undefined on input line 23.


./16-02-2021.tex:26: LaTeX Error: There's no line here to end.

See the LaTeX manual or LaTeX Companion for explanation.
Type  H <return>  for immediate help.
 ...                                              
                                                  
l.26 B
      oth fig.\ref{fig:Zee-fast_ETcone20(0)_0-15GeV_16-02-21_09-34} and fig....

Your command was ignored.
Type  I <command> <return>  to replace it with another command,
or  <return>  to continue without it.


LaTeX Warning: Reference `fig:Zee-fast_ETcone20(0)_0-15GeV_16-02-21_09-34' on p
age 7 undefined on input line 26.


LaTeX Warning: Reference `fig:Zee-fast_ETcone20(1)_0-15GeV_16-02-21_09-41' on p
age 7 undefined on input line 26.


LaTeX Warning: Reference `fig:Zee-fast_ETcone20(1)_0-15GeV_16-02-21_09-41' on p
age 7 undefined on input line 26.

<plots/16-02-2021/Zee-fast_ETcone20(0)_0-15GeV_16-02-21_09-34.png, id=35, 698.6
1pt x 473.77pt>
File: plots/16-02-2021/Zee-fast_ETcone20(0)_0-15GeV_16-02-21_09-34.png Graphic 
file (type png)
<use plots/16-02-2021/Zee-fast_ETcone20(0)_0-15GeV_16-02-21_09-34.png>
Package pdftex.def Info: plots/16-02-2021/Zee-fast_ETcone20(0)_0-15GeV_16-02-21
_09-34.png  used on input line 35.
(pdftex.def)             Requested size: 250.24199pt x 169.70403pt.
<plots/16-02-2021/Zee-fast_ETcone20(1)_0-15GeV_16-02-21_09-41.png, id=36, 698.6
1pt x 473.77pt>
File: plots/16-02-2021/Zee-fast_ETcone20(1)_0-15GeV_16-02-21_09-41.png Graphic 
file (type png)
<use plots/16-02-2021/Zee-fast_ETcone20(1)_0-15GeV_16-02-21_09-41.png>
Package pdftex.def Info: plots/16-02-2021/Zee-fast_ETcone20(1)_0-15GeV_16-02-21
_09-41.png  used on input line 40.
(pdftex.def)             Requested size: 250.24199pt x 169.70403pt.
<plots/16-02-2021/Zmumu-fast_ETcone(0)_0-8GeV_16-02-21_09-54.png, id=37, 698.61
pt x 473.77pt>
File: plots/16-02-2021/Zmumu-fast_ETcone(0)_0-8GeV_16-02-21_09-54.png Graphic f
ile (type png)
<use plots/16-02-2021/Zmumu-fast_ETcone(0)_0-8GeV_16-02-21_09-54.png>
Package pdftex.def Info: plots/16-02-2021/Zmumu-fast_ETcone(0)_0-8GeV_16-02-21_
09-54.png  used on input line 52.
(pdftex.def)             Requested size: 425.41444pt x 288.50047pt.

LaTeX Warning: `!h' float specifier changed to `!ht'.

<plots/16-02-2021/Zmumu-fast_ETcone(1)_0-8GeV_16-02-21_09-56.png, id=38, 698.61
pt x 473.77pt>
File: plots/16-02-2021/Zmumu-fast_ETcone(1)_0-8GeV_16-02-21_09-56.png Graphic f
ile (type png)
<use plots/16-02-2021/Zmumu-fast_ETcone(1)_0-8GeV_16-02-21_09-56.png>
Package pdftex.def Info: plots/16-02-2021/Zmumu-fast_ETcone(1)_0-8GeV_16-02-21_
09-56.png  used on input line 59.
(pdftex.def)             Requested size: 425.41444pt x 288.50047pt.

LaTeX Warning: `!h' float specifier changed to `!ht'.

<plots/16-02-2021/Zee_fast_pTcone30(0)_1-4GeV_16-02-21_10-07.png, id=39, 698.61
pt x 473.77pt>
File: plots/16-02-2021/Zee_fast_pTcone30(0)_1-4GeV_16-02-21_10-07.png Graphic f
ile (type png)
<use plots/16-02-2021/Zee_fast_pTcone30(0)_1-4GeV_16-02-21_10-07.png>
Package pdftex.def Info: plots/16-02-2021/Zee_fast_pTcone30(0)_1-4GeV_16-02-21_
10-07.png  used on input line 70.
(pdftex.def)             Requested size: 425.41444pt x 288.50047pt.

LaTeX Warning: `!h' float specifier changed to `!ht'.

<plots/16-02-2021/Zee_fast_pTcone30(1)_1-4GeV_16-02-21_10-12.png, id=40, 698.61
pt x 473.77pt>
File: plots/16-02-2021/Zee_fast_pTcone30(1)_1-4GeV_16-02-21_10-12.png Graphic f
ile (type png)
<use plots/16-02-2021/Zee_fast_pTcone30(1)_1-4GeV_16-02-21_10-12.png>
Package pdftex.def Info: plots/16-02-2021/Zee_fast_pTcone30(1)_1-4GeV_16-02-21_
10-12.png  used on input line 78.
(pdftex.def)             Requested size: 425.41444pt x 288.50047pt.

LaTeX Warning: `!h' float specifier changed to `!ht'.

<plots/16-02-2021/Zmumu_fast_pTcone30(0)_1-6GeV_16-02-21_10-18.png, id=41, 698.
61pt x 473.77pt>
File: plots/16-02-2021/Zmumu_fast_pTcone30(0)_1-6GeV_16-02-21_10-18.png Graphic
 file (type png)
<use plots/16-02-2021/Zmumu_fast_pTcone30(0)_1-6GeV_16-02-21_10-18.png>
Package pdftex.def Info: plots/16-02-2021/Zmumu_fast_pTcone30(0)_1-6GeV_16-02-2
1_10-18.png  used on input line 91.
(pdftex.def)             Requested size: 425.41444pt x 288.50047pt.
[7


 <./plots/16-02-2021/Zee-fast_ETcone20(0)_0-15GeV_16-02-21_09-34.png> <./plots/
16-02-2021/Zee-fast_ETcone20(1)_0-15GeV_16-02-21_09-41.png>]

LaTeX Warning: Text page 8 contains only floats.


Overfull \vbox (0.88126pt too high) has occurred while \output is active []


[8 <./plots/16-02-2021/Zmumu-fast_ETcone(0)_0-8GeV_16-02-21_09-54.png> <./plots
/16-02-2021/Zmumu-fast_ETcone(1)_0-8GeV_16-02-21_09-56.png>]

LaTeX Warning: Text page 9 contains only floats.


Overfull \vbox (0.88126pt too high) has occurred while \output is active []


[9 <./plots/16-02-2021/Zee_fast_pTcone30(0)_1-4GeV_16-02-21_10-07.png> <./plots
/16-02-2021/Zee_fast_pTcone30(1)_1-4GeV_16-02-21_10-12.png>]
<plots/16-02-2021/Zmumu_fast_pTcone30(1)_1-6GeV_16-02-21_10-21.png, id=52, 698.
61pt x 473.77pt>
File: plots/16-02-2021/Zmumu_fast_pTcone30(1)_1-6GeV_16-02-21_10-21.png Graphic
 file (type png)
<use plots/16-02-2021/Zmumu_fast_pTcone30(1)_1-6GeV_16-02-21_10-21.png>
Package pdftex.def Info: plots/16-02-2021/Zmumu_fast_pTcone30(1)_1-6GeV_16-02-2
1_10-21.png  used on input line 97.
(pdftex.def)             Requested size: 425.41444pt x 288.50047pt.


LaTeX Warning: `!h' float specifier changed to `!ht'.

<plots/16-02-2021/2lep_fast_ee-pair_pTcone30(total)_0-10GeV_16-02-21_10-50.png,
 id=53, 698.61pt x 473.77pt>
File: plots/16-02-2021/2lep_fast_ee-pair_pTcone30(total)_0-10GeV_16-02-21_10-50
.png Graphic file (type png)
<use plots/16-02-2021/2lep_fast_ee-pair_pTcone30(total)_0-10GeV_16-02-21_10-50.
png>
Package pdftex.def Info: plots/16-02-2021/2lep_fast_ee-pair_pTcone30(total)_0-1
0GeV_16-02-21_10-50.png  used on input line 113.
(pdftex.def)             Requested size: 425.41444pt x 288.50047pt.

LaTeX Warning: `!h' float specifier changed to `!ht'.

<plots/16-02-2021/2lep_fast_ee-pair_pTcone30(total)_1-6GeV_16-02-21_10-59.png, 
id=54, 698.61pt x 473.77pt>
File: plots/16-02-2021/2lep_fast_ee-pair_pTcone30(total)_1-6GeV_16-02-21_10-59.
png Graphic file (type png)
<use plots/16-02-2021/2lep_fast_ee-pair_pTcone30(total)_1-6GeV_16-02-21_10-59.p
ng>
Package pdftex.def Info: plots/16-02-2021/2lep_fast_ee-pair_pTcone30(total)_1-6
GeV_16-02-21_10-59.png  used on input line 120.
(pdftex.def)             Requested size: 425.41444pt x 288.50047pt.

LaTeX Warning: `!h' float specifier changed to `!ht'.

<plots/16-02-2021/2lep_fast_ee-pair_ETcone30(total)_0-6GeV_16-02-21_11-11.png, 
id=55, 698.61pt x 473.77pt>
File: plots/16-02-2021/2lep_fast_ee-pair_ETcone30(total)_0-6GeV_16-02-21_11-11.
png Graphic file (type png)
<use plots/16-02-2021/2lep_fast_ee-pair_ETcone30(total)_0-6GeV_16-02-21_11-11.p
ng>
Package pdftex.def Info: plots/16-02-2021/2lep_fast_ee-pair_ETcone30(total)_0-6
GeV_16-02-21_11-11.png  used on input line 133.
(pdftex.def)             Requested size: 425.41444pt x 288.50047pt.

LaTeX Warning: `!h' float specifier changed to `!ht'.

<plots/16-02-2021/2lep_fast_mumu-pair_pTcone30(total)_1-6GeV_16-02-21_11-06.png
, id=56, 698.61pt x 473.77pt>
File: plots/16-02-2021/2lep_fast_mumu-pair_pTcone30(total)_1-6GeV_16-02-21_11-0
6.png Graphic file (type png)
<use plots/16-02-2021/2lep_fast_mumu-pair_pTcone30(total)_1-6GeV_16-02-21_11-06
.png>
Package pdftex.def Info: plots/16-02-2021/2lep_fast_mumu-pair_pTcone30(total)_1
-6GeV_16-02-21_11-06.png  used on input line 142.
(pdftex.def)             Requested size: 425.41444pt x 288.50047pt.
[10 <./plots/16-02-2021/Zmumu_fast_pTcone30(0)_1-6GeV_16-02-21_10-18.png>]

LaTeX Warning: Text page 11 contains only floats.


Overfull \vbox (0.88126pt too high) has occurred while \output is active []


[11 <./plots/16-02-2021/Zmumu_fast_pTcone30(1)_1-6GeV_16-02-21_10-21.png> <./pl
ots/16-02-2021/2lep_fast_ee-pair_pTcone30(total)_0-10GeV_16-02-21_10-50.png>]

LaTeX Warning: Text page 12 contains only floats.


Overfull \vbox (0.27293pt too high) has occurred while \output is active []


[12 <./plots/16-02-2021/2lep_fast_ee-pair_pTcone30(total)_1-6GeV_16-02-21_10-59
.png> <./plots/16-02-2021/2lep_fast_ee-pair_ETcone30(total)_0-6GeV_16-02-21_11-
11.png>]
<plots/16-02-2021/2lep_fast_mumu-pair_ETcone30(total)_0-5GeV_16-02-21_11-14.png
, id=66, 698.61pt x 473.77pt>
File: plots/16-02-2021/2lep_fast_mumu-pair_ETcone30(total)_0-5GeV_16-02-21_11-1
4.png Graphic file (type png)
<use plots/16-02-2021/2lep_fast_mumu-pair_ETcone30(total)_0-5GeV_16-02-21_11-14
.png>
Package pdftex.def Info: plots/16-02-2021/2lep_fast_mumu-pair_ETcone30(total)_0
-5GeV_16-02-21_11-14.png  used on input line 148.
(pdftex.def)             Requested size: 425.41444pt x 288.50047pt.


LaTeX Warning: `!h' float specifier changed to `!ht'.

<plots/16-02-2021/2lep-fast_mumu_ptcone30(total)_log-entries_1-6GeV_16-02-2021_
11-39.png, id=67, 698.61pt x 473.77pt>
File: plots/16-02-2021/2lep-fast_mumu_ptcone30(total)_log-entries_1-6GeV_16-02-
2021_11-39.png Graphic file (type png)
<use plots/16-02-2021/2lep-fast_mumu_ptcone30(total)_log-entries_1-6GeV_16-02-2
021_11-39.png>
Package pdftex.def Info: plots/16-02-2021/2lep-fast_mumu_ptcone30(total)_log-en
tries_1-6GeV_16-02-2021_11-39.png  used on input line 165.
(pdftex.def)             Requested size: 425.41444pt x 288.50047pt.

LaTeX Warning: `!h' float specifier changed to `!ht'.

<plots/16-02-2021/2lep-fast_mumu-pair_ptcone30(total)_log-entries_1-13GeV_16-02
-2021_11-45.png, id=68, 698.61pt x 473.77pt>
File: plots/16-02-2021/2lep-fast_mumu-pair_ptcone30(total)_log-entries_1-13GeV_
16-02-2021_11-45.png Graphic file (type png)
<use plots/16-02-2021/2lep-fast_mumu-pair_ptcone30(total)_log-entries_1-13GeV_1
6-02-2021_11-45.png>
Package pdftex.def Info: plots/16-02-2021/2lep-fast_mumu-pair_ptcone30(total)_l
og-entries_1-13GeV_16-02-2021_11-45.png  used on input line 174.
(pdftex.def)             Requested size: 425.41444pt x 288.50047pt.

LaTeX Warning: `!h' float specifier changed to `!ht'.

<plots/16-02-2021/2lep-fast_mumu-pair_ptcone30(total)_log-log_1-13GeV_16-02-202
1_11-45.png, id=69, 698.61pt x 473.77pt>
File: plots/16-02-2021/2lep-fast_mumu-pair_ptcone30(total)_log-log_1-13GeV_16-0
2-2021_11-45.png Graphic file (type png)
<use plots/16-02-2021/2lep-fast_mumu-pair_ptcone30(total)_log-log_1-13GeV_16-02
-2021_11-45.png>
Package pdftex.def Info: plots/16-02-2021/2lep-fast_mumu-pair_ptcone30(total)_l
og-log_1-13GeV_16-02-2021_11-45.png  used on input line 180.
(pdftex.def)             Requested size: 425.41444pt x 288.50047pt.

LaTeX Warning: `!h' float specifier changed to `!ht'.

<plots/16-02-2021/2lep-fast_mumu-pair_etcone20(total)_log-entries_0-5GeV_16-02-
2021_11-31.png, id=70, 698.61pt x 473.77pt>
File: plots/16-02-2021/2lep-fast_mumu-pair_etcone20(total)_log-entries_0-5GeV_1
6-02-2021_11-31.png Graphic file (type png)
<use plots/16-02-2021/2lep-fast_mumu-pair_etcone20(total)_log-entries_0-5GeV_16
-02-2021_11-31.png>
Package pdftex.def Info: plots/16-02-2021/2lep-fast_mumu-pair_etcone20(total)_l
og-entries_0-5GeV_16-02-2021_11-31.png  used on input line 188.
(pdftex.def)             Requested size: 425.41444pt x 288.50047pt.

LaTeX Warning: `!h' float specifier changed to `!ht'.

<plots/16-02-2021/2lep-fast_mumu-pair_etcone20(total)_log-entries_0-7GeV_16-02-
2021_11-33.png, id=71, 698.61pt x 473.77pt>
File: plots/16-02-2021/2lep-fast_mumu-pair_etcone20(total)_log-entries_0-7GeV_1
6-02-2021_11-33.png Graphic file (type png)
<use plots/16-02-2021/2lep-fast_mumu-pair_etcone20(total)_log-entries_0-7GeV_16
-02-2021_11-33.png>
Package pdftex.def Info: plots/16-02-2021/2lep-fast_mumu-pair_etcone20(total)_l
og-entries_0-7GeV_16-02-2021_11-33.png  used on input line 194.
(pdftex.def)             Requested size: 425.41444pt x 288.50047pt.

LaTeX Warning: `!h' float specifier changed to `!ht'.


./16-02-2021.tex:199: LaTeX Error: There's no line here to end.

See the LaTeX manual or LaTeX Companion for explanation.
Type  H <return>  for immediate help.
 ...                                              
                                                  
l.199 I
       nvestigate use of stacked MC plots to identify background when compar...

Your command was ignored.
Type  I <command> <return>  to replace it with another command,
or  <return>  to continue without it.


./16-02-2021.tex:202: LaTeX Error: There's no line here to end.

See the LaTeX manual or LaTeX Companion for explanation.
Type  H <return>  for immediate help.
 ...                                              
                                                  
l.202 S
       tacked plot made for invariant. mass
Your command was ignored.
Type  I <command> <return>  to replace it with another command,
or  <return>  to continue without it.

<plots/16-02-2021/2lep-Zee-Zmumu-Ztautau-fast_mean-etcone20_-2-5GeV_16-02-21_16
-28.png, id=72, 698.61pt x 473.77pt>
File: plots/16-02-2021/2lep-Zee-Zmumu-Ztautau-fast_mean-etcone20_-2-5GeV_16-02-
21_16-28.png Graphic file (type png)
<use plots/16-02-2021/2lep-Zee-Zmumu-Ztautau-fast_mean-etcone20_-2-5GeV_16-02-2
1_16-28.png>
Package pdftex.def Info: plots/16-02-2021/2lep-Zee-Zmumu-Ztautau-fast_mean-etco
ne20_-2-5GeV_16-02-21_16-28.png  used on input line 215.
(pdftex.def)             Requested size: 425.41444pt x 288.50047pt.

LaTeX Warning: `!h' float specifier changed to `!ht'.

) [13 <./plots/16-02-2021/2lep_fast_mumu-pair_pTcone30(total)_1-6GeV_16-02-21_1
1-06.png>]

LaTeX Warning: Text page 14 contains only floats.

[14 <./plots/16-02-2021/2lep_fast_mumu-pair_ETcone30(total)_0-5GeV_16-02-21_11-
14.png> <./plots/16-02-2021/2lep-fast_mumu_ptcone30(total)_log-entries_1-6GeV_1
6-02-2021_11-39.png>]

LaTeX Warning: Text page 15 contains only floats.

[15 <./plots/16-02-2021/2lep-fast_mumu-pair_ptcone30(total)_log-entries_1-13GeV
_16-02-2021_11-45.png> <./plots/16-02-2021/2lep-fast_mumu-pair_ptcone30(total)_
log-log_1-13GeV_16-02-2021_11-45.png>]

LaTeX Warning: Text page 16 contains only floats.

[16 <./plots/16-02-2021/2lep-fast_mumu-pair_etcone20(total)_log-entries_0-5GeV_
16-02-2021_11-31.png> <./plots/16-02-2021/2lep-fast_mumu-pair_etcone20(total)_l
og-entries_0-7GeV_16-02-2021_11-33.png>] [17 <./plots/16-02-2021/2lep-Zee-Zmumu
-Ztautau-fast_mean-etcone20_-2-5GeV_16-02-21_16-28.png>]
\openout2 = `18-02-2021.aux'.

 (./18-02-2021.tex

./18-02-2021.tex:62: LaTeX Error: There's no line here to end.

See the LaTeX manual or LaTeX Companion for explanation.
Type  H <return>  for immediate help.
 ...                                              
                                                  
l.62 O
      ther sources of background
Your command was ignored.
Type  I <command> <return>  to replace it with another command,
or  <return>  to continue without it.

[18


]) [19]
\openout2 = `23-02-2021.aux'.

 (./23-02-2021.tex
<plots/23-02-2021/2lep_delta-phi_0-7_23-02_09-43.png, id=98, 698.61pt x 473.77p
t>
File: plots/23-02-2021/2lep_delta-phi_0-7_23-02_09-43.png Graphic file (type pn
g)
<use plots/23-02-2021/2lep_delta-phi_0-7_23-02_09-43.png>
Package pdftex.def Info: plots/23-02-2021/2lep_delta-phi_0-7_23-02_09-43.png  u
sed on input line 38.
(pdftex.def)             Requested size: 425.41444pt x 288.50047pt.


LaTeX Warning: `!h' float specifier changed to `!ht'.


./23-02-2021.tex:52: LaTeX Error: Unknown graphics extension: .3_23-02-21.png.

See the LaTeX manual or LaTeX Companion for explanation.
Type  H <return>  for immediate help.
 ...                                              
                                                  
l.52 ...-charge_same-type_n=2)_0-6.3_23-02-21.png}
                                                  
Try typing  <return>  to proceed.
If that doesn't work, type  X <return>  to quit.


LaTeX Warning: `!h' float specifier changed to `!ht'.


./23-02-2021.tex:64: LaTeX Error: File `plots/' not found.

See the LaTeX manual or LaTeX Companion for explanation.
Type  H <return>  for immediate help.
 ...                                              
                                                  
l.64 ...\includegraphics[width=\linewidth]{plots/}
                                                  
I could not locate the file with any of these extensions:
.pdf,.png,.jpg,.mps,.jpeg,.jbig2,.jb2,.PDF,.PNG,.JPG,.JPEG,.JBIG2,.JB2,.eps
Try typing  <return>  to proceed.
If that doesn't work, type  X <return>  to quit.


./23-02-2021.tex:69: LaTeX Error: File `plots/' not found.

See the LaTeX manual or LaTeX Companion for explanation.
Type  H <return>  for immediate help.
 ...                                              
                                                  
l.69 ...\includegraphics[width=\linewidth]{plots/}
                                                  
I could not locate the file with any of these extensions:
.pdf,.png,.jpg,.mps,.jpeg,.jbig2,.jb2,.PDF,.PNG,.JPG,.JPEG,.JBIG2,.JB2,.eps
Try typing  <return>  to proceed.
If that doesn't work, type  X <return>  to quit.


LaTeX Warning: `!h' float specifier changed to `!ht'.


LaTeX Warning: Reference `' on page 20 undefined on input line 89.


LaTeX Warning: Reference `' on page 20 undefined on input line 107.

[20


]
<plots/23-02-2021/All-stack-fast_delta-phi_minimal-cuts_0-6_23-02-21_15-30.png,
 id=102, 698.61pt x 473.77pt>
File: plots/23-02-2021/All-stack-fast_delta-phi_minimal-cuts_0-6_23-02-21_15-30
.png Graphic file (type png)
<use plots/23-02-2021/All-stack-fast_delta-phi_minimal-cuts_0-6_23-02-21_15-30.
png>
Package pdftex.def Info: plots/23-02-2021/All-stack-fast_delta-phi_minimal-cuts
_0-6_23-02-21_15-30.png  used on input line 119.
(pdftex.def)             Requested size: 425.41444pt x 288.50047pt.


LaTeX Warning: `!h' float specifier changed to `!ht'.


./23-02-2021.tex:128: LaTeX Error: File `plots/' not found.

See the LaTeX manual or LaTeX Companion for explanation.
Type  H <return>  for immediate help.
 ...                                              
                                                  
l.128 ...udegraphics[width=0.85\linewidth]{plots/}
                                                  
I could not locate the file with any of these extensions:
.pdf,.png,.jpg,.mps,.jpeg,.jbig2,.jb2,.PDF,.PNG,.JPG,.JPEG,.JBIG2,.JB2,.eps
Try typing  <return>  to proceed.
If that doesn't work, type  X <return>  to quit.


LaTeX Warning: Reference `' on page 21 undefined on input line 131.


LaTeX Warning: `!h' float specifier changed to `!ht'.

[21 <./plots/23-02-2021/2lep_delta-phi_0-7_23-02_09-43.png>]) [22 <./plots/23-0
2-2021/All-stack-fast_delta-phi_minimal-cuts_0-6_23-02-21_15-30.png>]
(/Users/ben/Desktop/ATLAS/Lab Book/out/main.aux
(/Users/ben/Desktop/ATLAS/Lab Book/out/09-02-2021.aux)
(/Users/ben/Desktop/ATLAS/Lab Book/out/11-02-2021.aux)
(/Users/ben/Desktop/ATLAS/Lab Book/out/16-02-2021.aux)
(/Users/ben/Desktop/ATLAS/Lab Book/out/18-02-2021.aux)
(/Users/ben/Desktop/ATLAS/Lab Book/out/23-02-2021.aux))

LaTeX Warning: There were undefined references.


LaTeX Warning: There were multiply-defined labels.

 ) 
Here is how much of TeX's memory you used:
 15675 strings out of 492616
 288886 string characters out of 6129481
 356085 words of memory out of 5000000
 19401 multiletter control sequences out of 15000+600000
 541483 words of font info for 58 fonts, out of 8000000 for 9000
 1141 hyphenation exceptions out of 8191
 41i,11n,63p,1354b,1060s stack positions out of 5000i,500n,10000p,200000b,80000s
</usr/local/texlive/2019/texmf-dist/fonts/type1/public/amsfonts/cm/cmbx10.pfb
></usr/local/texlive/2019/texmf-dist/fonts/type1/public/amsfonts/cm/cmbx12.pfb>
</usr/local/texlive/2019/texmf-dist/fonts/type1/public/amsfonts/cm/cmex10.pfb><
/usr/local/texlive/2019/texmf-dist/fonts/type1/public/amsfonts/cm/cmmi10.pfb></
usr/local/texlive/2019/texmf-dist/fonts/type1/public/amsfonts/cm/cmmi8.pfb></us
r/local/texlive/2019/texmf-dist/fonts/type1/public/amsfonts/cm/cmr10.pfb></usr/
local/texlive/2019/texmf-dist/fonts/type1/public/amsfonts/cm/cmr12.pfb></usr/lo
cal/texlive/2019/texmf-dist/fonts/type1/public/amsfonts/cm/cmr6.pfb></usr/local
/texlive/2019/texmf-dist/fonts/type1/public/amsfonts/cm/cmr8.pfb></usr/local/te
xlive/2019/texmf-dist/fonts/type1/public/amsfonts/cm/cmr9.pfb></usr/local/texli
ve/2019/texmf-dist/fonts/type1/public/amsfonts/cm/cmsy10.pfb></usr/local/texliv
e/2019/texmf-dist/fonts/type1/public/amsfonts/cm/cmsy8.pfb></usr/local/texlive/
2019/texmf-dist/fonts/type1/public/amsfonts/cm/cmti10.pfb></usr/local/texlive/2
019/texmf-dist/fonts/type1/public/amsfonts/cm/cmtt9.pfb>
Output written on "/Users/ben/Desktop/ATLAS/Lab Book/out/main.pdf" (22 pages, 4
26642 bytes).
PDF statistics:
 154 PDF objects out of 1000 (max. 8388607)
 92 compressed objects within 1 object stream
 0 named destinations out of 1000 (max. 500000)
 116 words of extra memory for PDF output out of 10000 (max. 10000000)

