\BOOKMARK [1][-]{section.1}{Aims}{}% 1
\BOOKMARK [1][-]{section.2}{Objectives}{}% 2
\BOOKMARK [1][-]{section.3}{Background Reading}{}% 3
\BOOKMARK [2][-]{subsection.3.1}{A femto-course in particle physics}{section.3}% 4
\BOOKMARK [3][-]{subsubsection.3.1.1}{Leptons}{subsection.3.1}% 5
\BOOKMARK [3][-]{subsubsection.3.1.2}{Quarks}{subsection.3.1}% 6
\BOOKMARK [3][-]{subsubsection.3.1.3}{Gauge Bosons}{subsection.3.1}% 7
\BOOKMARK [3][-]{subsubsection.3.1.4}{Higgs Boson}{subsection.3.1}% 8
\BOOKMARK [3][-]{subsubsection.3.1.5}{Parton}{subsection.3.1}% 9
\BOOKMARK [1][-]{section.4}{Getting Started}{}% 10
\BOOKMARK [2][-]{subsection.4.1}{Logging into the Lab machine}{section.4}% 11
\BOOKMARK [2][-]{subsection.4.2}{Setting up the code - TODO once at the start of the experiment}{section.4}% 12
\BOOKMARK [2][-]{subsection.4.3}{Starting up the Jupyter notebook server}{section.4}% 13
\BOOKMARK [2][-]{subsection.4.4}{Closing the Jupyter Notebook and Logging out of the lab machine}{section.4}% 14
\BOOKMARK [2][-]{subsection.4.5}{Using Analysis.py}{section.4}% 15
\BOOKMARK [2][-]{subsection.4.6}{Running the Skeleton code and examining the produced kistograms}{section.4}% 16
\BOOKMARK [1][-]{section.5}{Analysis}{}% 17
\BOOKMARK [2][-]{subsection.5.1}{Analysing Z bosons}{section.5}% 18
\BOOKMARK [3][-]{subsubsection.5.1.1}{Excercise 6.2}{subsection.5.1}% 19
\BOOKMARK [2][-]{subsection.5.2}{Making event selction cuts}{section.5}% 20
\BOOKMARK [3][-]{subsubsection.5.2.1}{Exercise 6.6}{subsection.5.2}% 21
\BOOKMARK [3][-]{subsubsection.5.2.2}{The Isolation Variables - ptcone30 and etcone20}{subsection.5.2}% 22
\BOOKMARK [2][-]{subsection.5.3}{Event weights for Monte Carlo data sets}{section.5}% 23
\BOOKMARK [2][-]{subsection.5.4}{Cross Sections, backgrounds, and efficiencies}{section.5}% 24
\BOOKMARK [2][-]{subsection.5.5}{Re-discovering the Higgs boson}{section.5}% 25
\BOOKMARK [2][-]{subsection.5.6}{Analysing W bosons}{section.5}% 26
